<?xml version="1.0" encoding="UTF-8"?>
<!-- Generated by org.testng.reporters.JUnitReportReporter -->
<testsuite hostname="admin-PC" name="Selen.launch" tests="1" failures="0" timestamp="21 May 2020 09:59:30 GMT" time="18.326" errors="0">
  <testcase name="Lau" time="18.326" classname="Selen.launch"/>
</testsuite> <!-- Selen.launch -->
